2025-06-09 01:21:25,610 - sqlalchemy.engine.Engine - INFO - BEGIN (implicit)
2025-06-09 01:21:25,611 - sqlalchemy.engine.Engine - INFO - PRAGMA main.table_info("users")
2025-06-09 01:21:25,611 - sqlalchemy.engine.Engine - INFO - [raw sql] ()
2025-06-09 01:21:25,611 - sqlalchemy.engine.Engine - INFO - PRAGMA temp.table_info("users")
2025-06-09 01:21:25,611 - sqlalchemy.engine.Engine - INFO - [raw sql] ()
2025-06-09 01:21:25,612 - sqlalchemy.engine.Engine - INFO - PRAGMA main.table_info("roles")
2025-06-09 01:21:25,612 - sqlalchemy.engine.Engine - INFO - [raw sql] ()
2025-06-09 01:21:25,612 - sqlalchemy.engine.Engine - INFO - PRAGMA temp.table_info("roles")
2025-06-09 01:21:25,612 - sqlalchemy.engine.Engine - INFO - [raw sql] ()
2025-06-09 01:21:25,613 - sqlalchemy.engine.Engine - INFO - PRAGMA main.table_info("user_roles")
2025-06-09 01:21:25,613 - sqlalchemy.engine.Engine - INFO - [raw sql] ()
2025-06-09 01:21:25,613 - sqlalchemy.engine.Engine - INFO - PRAGMA temp.table_info("user_roles")
2025-06-09 01:21:25,613 - sqlalchemy.engine.Engine - INFO - [raw sql] ()
2025-06-09 01:21:25,614 - sqlalchemy.engine.Engine - INFO - PRAGMA main.table_info("refresh_tokens")
2025-06-09 01:21:25,614 - sqlalchemy.engine.Engine - INFO - [raw sql] ()
2025-06-09 01:21:25,614 - sqlalchemy.engine.Engine - INFO - PRAGMA temp.table_info("refresh_tokens")
2025-06-09 01:21:25,614 - sqlalchemy.engine.Engine - INFO - [raw sql] ()
2025-06-09 01:21:25,615 - sqlalchemy.engine.Engine - INFO - 
CREATE TABLE users (
	id INTEGER NOT NULL, 
	username VARCHAR(50) NOT NULL, 
	email VARCHAR(100) NOT NULL, 
	password_hash VARCHAR(255) NOT NULL, 
	full_name VARCHAR(100), 
	is_active BOOLEAN, 
	last_login DATETIME, 
	created_at DATETIME, 
	updated_at DATETIME, 
	PRIMARY KEY (id), 
	UNIQUE (username), 
	UNIQUE (email)
)


2025-06-09 01:21:25,617 - sqlalchemy.engine.Engine - INFO - [no key 0.00188s] ()
2025-06-09 01:21:25,625 - sqlalchemy.engine.Engine - INFO - 
CREATE TABLE roles (
	id INTEGER NOT NULL, 
	name VARCHAR(50) NOT NULL, 
	description TEXT, 
	created_at DATETIME, 
	updated_at DATETIME, 
	PRIMARY KEY (id), 
	UNIQUE (name)
)


2025-06-09 01:21:25,626 - sqlalchemy.engine.Engine - INFO - [no key 0.00076s] ()
2025-06-09 01:21:25,631 - sqlalchemy.engine.Engine - INFO - 
CREATE TABLE user_roles (
	user_id INTEGER NOT NULL, 
	role_id INTEGER NOT NULL, 
	created_at DATETIME, 
	PRIMARY KEY (user_id, role_id), 
	FOREIGN KEY(user_id) REFERENCES users (id) ON DELETE CASCADE, 
	FOREIGN KEY(role_id) REFERENCES roles (id) ON DELETE CASCADE
)


2025-06-09 01:21:25,632 - sqlalchemy.engine.Engine - INFO - [no key 0.00168s] ()
2025-06-09 01:21:25,637 - sqlalchemy.engine.Engine - INFO - 
CREATE TABLE refresh_tokens (
	id INTEGER NOT NULL, 
	user_id INTEGER NOT NULL, 
	token VARCHAR(255) NOT NULL, 
	expires_at DATETIME NOT NULL, 
	created_at DATETIME, 
	is_revoked BOOLEAN, 
	PRIMARY KEY (id), 
	FOREIGN KEY(user_id) REFERENCES users (id) ON DELETE CASCADE, 
	UNIQUE (token)
)


2025-06-09 01:21:25,638 - sqlalchemy.engine.Engine - INFO - [no key 0.00157s] ()
2025-06-09 01:21:25,643 - sqlalchemy.engine.Engine - INFO - COMMIT
2025-06-09 01:21:25,650 - sqlalchemy.engine.Engine - INFO - BEGIN (implicit)
2025-06-09 01:21:25,651 - sqlalchemy.engine.Engine - INFO - SELECT roles.id AS roles_id, roles.name AS roles_name, roles.description AS roles_description, roles.created_at AS roles_created_at, roles.updated_at AS roles_updated_at 
FROM roles
 LIMIT ? OFFSET ?
2025-06-09 01:21:25,652 - sqlalchemy.engine.Engine - INFO - [generated in 0.00094s] (1, 0)
2025-06-09 01:21:25,655 - sqlalchemy.engine.Engine - INFO - INSERT INTO roles (name, description, created_at, updated_at) VALUES (?, ?, ?, ?) RETURNING id
2025-06-09 01:21:25,655 - sqlalchemy.engine.Engine - INFO - [generated in 0.00015s (insertmanyvalues) 1/3 (ordered; batch not supported)] ('admin', 'Administrator dengan akses penuh', '2025-06-08 18:21:25.654902', '2025-06-08 18:21:25.654902')
2025-06-09 01:21:25,656 - sqlalchemy.engine.Engine - INFO - INSERT INTO roles (name, description, created_at, updated_at) VALUES (?, ?, ?, ?) RETURNING id
2025-06-09 01:21:25,657 - sqlalchemy.engine.Engine - INFO - [insertmanyvalues 2/3 (ordered; batch not supported)] ('manager', 'Manager dengan akses terbatas', '2025-06-08 18:21:25.654902', '2025-06-08 18:21:25.654902')
2025-06-09 01:21:25,657 - sqlalchemy.engine.Engine - INFO - INSERT INTO roles (name, description, created_at, updated_at) VALUES (?, ?, ?, ?) RETURNING id
2025-06-09 01:21:25,658 - sqlalchemy.engine.Engine - INFO - [insertmanyvalues 3/3 (ordered; batch not supported)] ('staff', 'Staff dengan akses dasar', '2025-06-08 18:21:25.654902', '2025-06-08 18:21:25.654902')
2025-06-09 01:21:25,659 - sqlalchemy.engine.Engine - INFO - COMMIT
2025-06-09 01:21:26,540 - werkzeug - INFO - [31m[1mWARNING: This is a development server. Do not use it in a production deployment. Use a production WSGI server instead.[0m
 * Running on all addresses (0.0.0.0)
 * Running on http://127.0.0.1:5003
 * Running on http://192.168.18.21:5003
2025-06-09 01:21:26,541 - werkzeug - INFO - [33mPress CTRL+C to quit[0m
2025-06-09 01:21:26,547 - werkzeug - INFO -  * Restarting with stat
2025-06-09 01:21:27,110 - sqlalchemy.engine.Engine - INFO - BEGIN (implicit)
2025-06-09 01:21:27,110 - sqlalchemy.engine.Engine - INFO - PRAGMA main.table_info("users")
2025-06-09 01:21:27,110 - sqlalchemy.engine.Engine - INFO - [raw sql] ()
2025-06-09 01:21:27,111 - sqlalchemy.engine.Engine - INFO - PRAGMA main.table_info("roles")
2025-06-09 01:21:27,111 - sqlalchemy.engine.Engine - INFO - [raw sql] ()
2025-06-09 01:21:27,111 - sqlalchemy.engine.Engine - INFO - PRAGMA main.table_info("user_roles")
2025-06-09 01:21:27,111 - sqlalchemy.engine.Engine - INFO - [raw sql] ()
2025-06-09 01:21:27,112 - sqlalchemy.engine.Engine - INFO - PRAGMA main.table_info("refresh_tokens")
2025-06-09 01:21:27,112 - sqlalchemy.engine.Engine - INFO - [raw sql] ()
2025-06-09 01:21:27,112 - sqlalchemy.engine.Engine - INFO - COMMIT
2025-06-09 01:21:27,118 - sqlalchemy.engine.Engine - INFO - BEGIN (implicit)
2025-06-09 01:21:27,120 - sqlalchemy.engine.Engine - INFO - SELECT roles.id AS roles_id, roles.name AS roles_name, roles.description AS roles_description, roles.created_at AS roles_created_at, roles.updated_at AS roles_updated_at 
FROM roles
 LIMIT ? OFFSET ?
2025-06-09 01:21:27,122 - sqlalchemy.engine.Engine - INFO - [generated in 0.00091s] (1, 0)
2025-06-09 01:21:27,123 - sqlalchemy.engine.Engine - INFO - ROLLBACK
2025-06-09 01:21:27,136 - werkzeug - WARNING -  * Debugger is active!
2025-06-09 01:21:27,140 - werkzeug - INFO -  * Debugger PIN: 922-338-209
2025-06-09 01:23:37,643 - sqlalchemy.engine.Engine - INFO - BEGIN (implicit)
2025-06-09 01:23:37,643 - sqlalchemy.engine.Engine - INFO - PRAGMA main.table_info("users")
2025-06-09 01:23:37,643 - sqlalchemy.engine.Engine - INFO - [raw sql] ()
2025-06-09 01:23:37,644 - sqlalchemy.engine.Engine - INFO - PRAGMA temp.table_info("users")
2025-06-09 01:23:37,644 - sqlalchemy.engine.Engine - INFO - [raw sql] ()
2025-06-09 01:23:37,644 - sqlalchemy.engine.Engine - INFO - PRAGMA main.table_info("roles")
2025-06-09 01:23:37,645 - sqlalchemy.engine.Engine - INFO - [raw sql] ()
2025-06-09 01:23:37,645 - sqlalchemy.engine.Engine - INFO - PRAGMA temp.table_info("roles")
2025-06-09 01:23:37,645 - sqlalchemy.engine.Engine - INFO - [raw sql] ()
2025-06-09 01:23:37,646 - sqlalchemy.engine.Engine - INFO - PRAGMA main.table_info("user_roles")
2025-06-09 01:23:37,646 - sqlalchemy.engine.Engine - INFO - [raw sql] ()
2025-06-09 01:23:37,646 - sqlalchemy.engine.Engine - INFO - PRAGMA temp.table_info("user_roles")
2025-06-09 01:23:37,647 - sqlalchemy.engine.Engine - INFO - [raw sql] ()
2025-06-09 01:23:37,647 - sqlalchemy.engine.Engine - INFO - PRAGMA main.table_info("refresh_tokens")
2025-06-09 01:23:37,647 - sqlalchemy.engine.Engine - INFO - [raw sql] ()
2025-06-09 01:23:37,647 - sqlalchemy.engine.Engine - INFO - PRAGMA temp.table_info("refresh_tokens")
2025-06-09 01:23:37,649 - sqlalchemy.engine.Engine - INFO - [raw sql] ()
2025-06-09 01:23:37,649 - sqlalchemy.engine.Engine - INFO - 
CREATE TABLE users (
	id INTEGER NOT NULL, 
	username VARCHAR(50) NOT NULL, 
	email VARCHAR(100) NOT NULL, 
	password_hash VARCHAR(255) NOT NULL, 
	full_name VARCHAR(100), 
	is_active BOOLEAN, 
	last_login DATETIME, 
	created_at DATETIME, 
	updated_at DATETIME, 
	PRIMARY KEY (id), 
	UNIQUE (username), 
	UNIQUE (email)
)


2025-06-09 01:23:37,650 - sqlalchemy.engine.Engine - INFO - [no key 0.00134s] ()
2025-06-09 01:23:37,658 - sqlalchemy.engine.Engine - INFO - 
CREATE TABLE roles (
	id INTEGER NOT NULL, 
	name VARCHAR(50) NOT NULL, 
	description TEXT, 
	created_at DATETIME, 
	updated_at DATETIME, 
	PRIMARY KEY (id), 
	UNIQUE (name)
)


2025-06-09 01:23:37,659 - sqlalchemy.engine.Engine - INFO - [no key 0.00120s] ()
2025-06-09 01:23:37,664 - sqlalchemy.engine.Engine - INFO - 
CREATE TABLE user_roles (
	user_id INTEGER NOT NULL, 
	role_id INTEGER NOT NULL, 
	created_at DATETIME, 
	PRIMARY KEY (user_id, role_id), 
	FOREIGN KEY(user_id) REFERENCES users (id) ON DELETE CASCADE, 
	FOREIGN KEY(role_id) REFERENCES roles (id) ON DELETE CASCADE
)


2025-06-09 01:23:37,665 - sqlalchemy.engine.Engine - INFO - [no key 0.00110s] ()
2025-06-09 01:23:37,670 - sqlalchemy.engine.Engine - INFO - 
CREATE TABLE refresh_tokens (
	id INTEGER NOT NULL, 
	user_id INTEGER NOT NULL, 
	token VARCHAR(255) NOT NULL, 
	expires_at DATETIME NOT NULL, 
	created_at DATETIME, 
	is_revoked BOOLEAN, 
	PRIMARY KEY (id), 
	FOREIGN KEY(user_id) REFERENCES users (id) ON DELETE CASCADE, 
	UNIQUE (token)
)


2025-06-09 01:23:37,671 - sqlalchemy.engine.Engine - INFO - [no key 0.00130s] ()
2025-06-09 01:23:37,676 - sqlalchemy.engine.Engine - INFO - COMMIT
2025-06-09 01:23:37,683 - sqlalchemy.engine.Engine - INFO - BEGIN (implicit)
2025-06-09 01:23:37,685 - sqlalchemy.engine.Engine - INFO - SELECT roles.id AS roles_id, roles.name AS roles_name, roles.description AS roles_description, roles.created_at AS roles_created_at, roles.updated_at AS roles_updated_at 
FROM roles
 LIMIT ? OFFSET ?
2025-06-09 01:23:37,686 - sqlalchemy.engine.Engine - INFO - [generated in 0.00108s] (1, 0)
2025-06-09 01:23:37,688 - sqlalchemy.engine.Engine - INFO - INSERT INTO roles (name, description, created_at, updated_at) VALUES (?, ?, ?, ?)
2025-06-09 01:23:37,689 - sqlalchemy.engine.Engine - INFO - [generated in 0.00051s] ('admin', 'Administrator dengan akses penuh', '2025-06-08 18:23:37.688854', '2025-06-08 18:23:37.688854')
2025-06-09 01:23:37,690 - sqlalchemy.engine.Engine - INFO - INSERT INTO roles (name, description, created_at, updated_at) VALUES (?, ?, ?, ?)
2025-06-09 01:23:37,690 - sqlalchemy.engine.Engine - INFO - [cached since 0.002002s ago] ('manager', 'Manager dengan akses terbatas', '2025-06-08 18:23:37.690901', '2025-06-08 18:23:37.690901')
2025-06-09 01:23:37,691 - sqlalchemy.engine.Engine - INFO - INSERT INTO roles (name, description, created_at, updated_at) VALUES (?, ?, ?, ?)
2025-06-09 01:23:37,691 - sqlalchemy.engine.Engine - INFO - [cached since 0.003109s ago] ('staff', 'Staff dengan akses dasar', '2025-06-08 18:23:37.691906', '2025-06-08 18:23:37.691906')
2025-06-09 01:23:37,693 - sqlalchemy.engine.Engine - INFO - COMMIT
2025-06-09 01:23:38,569 - werkzeug - INFO - [31m[1mWARNING: This is a development server. Do not use it in a production deployment. Use a production WSGI server instead.[0m
 * Running on all addresses (0.0.0.0)
 * Running on http://127.0.0.1:5003
 * Running on http://192.168.18.21:5003
2025-06-09 01:23:38,571 - werkzeug - INFO - [33mPress CTRL+C to quit[0m
2025-06-09 01:23:38,581 - werkzeug - INFO -  * Restarting with watchdog (windowsapi)
2025-06-09 01:23:38,992 - sqlalchemy.engine.Engine - INFO - BEGIN (implicit)
2025-06-09 01:23:38,993 - sqlalchemy.engine.Engine - INFO - PRAGMA main.table_info("users")
2025-06-09 01:23:38,993 - sqlalchemy.engine.Engine - INFO - [raw sql] ()
2025-06-09 01:23:38,994 - sqlalchemy.engine.Engine - INFO - PRAGMA main.table_info("roles")
2025-06-09 01:23:38,994 - sqlalchemy.engine.Engine - INFO - [raw sql] ()
2025-06-09 01:23:38,994 - sqlalchemy.engine.Engine - INFO - PRAGMA main.table_info("user_roles")
2025-06-09 01:23:38,995 - sqlalchemy.engine.Engine - INFO - [raw sql] ()
2025-06-09 01:23:38,995 - sqlalchemy.engine.Engine - INFO - PRAGMA main.table_info("refresh_tokens")
2025-06-09 01:23:38,995 - sqlalchemy.engine.Engine - INFO - [raw sql] ()
2025-06-09 01:23:38,995 - sqlalchemy.engine.Engine - INFO - COMMIT
2025-06-09 01:23:39,000 - sqlalchemy.engine.Engine - INFO - BEGIN (implicit)
2025-06-09 01:23:39,002 - sqlalchemy.engine.Engine - INFO - SELECT roles.id AS roles_id, roles.name AS roles_name, roles.description AS roles_description, roles.created_at AS roles_created_at, roles.updated_at AS roles_updated_at 
FROM roles
 LIMIT ? OFFSET ?
2025-06-09 01:23:39,002 - sqlalchemy.engine.Engine - INFO - [generated in 0.00075s] (1, 0)
2025-06-09 01:23:39,004 - sqlalchemy.engine.Engine - INFO - ROLLBACK
2025-06-09 01:23:39,018 - werkzeug - WARNING -  * Debugger is active!
2025-06-09 01:23:39,021 - werkzeug - INFO -  * Debugger PIN: 703-687-989
2025-06-09 01:23:46,853 - werkzeug - INFO - 127.0.0.1 - - [09/Jun/2025 01:23:46] "[33mGET / HTTP/1.1[0m" 404 -
2025-06-09 01:23:46,972 - werkzeug - INFO - 127.0.0.1 - - [09/Jun/2025 01:23:46] "[33mGET /favicon.ico HTTP/1.1[0m" 404 -
2025-06-09 01:23:51,256 - werkzeug - INFO - 127.0.0.1 - - [09/Jun/2025 01:23:51] "[33mGET /graphwl HTTP/1.1[0m" 404 -
2025-06-09 01:23:54,429 - werkzeug - INFO - 127.0.0.1 - - [09/Jun/2025 01:23:54] "[33mGET /graphql HTTP/1.1[0m" 404 -
2025-06-09 01:25:31,521 - werkzeug - INFO -  * Detected change in 'D:\\uas-gacor-sistem-gudang\\user-service\\seed.py', reloading
2025-06-09 01:25:31,572 - werkzeug - INFO -  * Restarting with stat
2025-06-09 01:25:32,002 - sqlalchemy.engine.Engine - INFO - BEGIN (implicit)
2025-06-09 01:25:32,002 - sqlalchemy.engine.Engine - INFO - PRAGMA main.table_info("users")
2025-06-09 01:25:32,002 - sqlalchemy.engine.Engine - INFO - [raw sql] ()
2025-06-09 01:25:32,003 - sqlalchemy.engine.Engine - INFO - PRAGMA main.table_info("roles")
2025-06-09 01:25:32,003 - sqlalchemy.engine.Engine - INFO - [raw sql] ()
2025-06-09 01:25:32,004 - sqlalchemy.engine.Engine - INFO - PRAGMA main.table_info("user_roles")
2025-06-09 01:25:32,004 - sqlalchemy.engine.Engine - INFO - [raw sql] ()
2025-06-09 01:25:32,004 - sqlalchemy.engine.Engine - INFO - PRAGMA main.table_info("refresh_tokens")
2025-06-09 01:25:32,004 - sqlalchemy.engine.Engine - INFO - [raw sql] ()
2025-06-09 01:25:32,005 - sqlalchemy.engine.Engine - INFO - COMMIT
2025-06-09 01:25:32,011 - sqlalchemy.engine.Engine - INFO - BEGIN (implicit)
2025-06-09 01:25:32,012 - sqlalchemy.engine.Engine - INFO - SELECT roles.id AS roles_id, roles.name AS roles_name, roles.description AS roles_description, roles.created_at AS roles_created_at, roles.updated_at AS roles_updated_at 
FROM roles
 LIMIT ? OFFSET ?
2025-06-09 01:25:32,013 - sqlalchemy.engine.Engine - INFO - [generated in 0.00070s] (1, 0)
2025-06-09 01:25:32,014 - sqlalchemy.engine.Engine - INFO - ROLLBACK
2025-06-09 01:25:32,025 - werkzeug - WARNING -  * Debugger is active!
2025-06-09 01:25:32,029 - werkzeug - INFO -  * Debugger PIN: 922-338-209
2025-06-09 01:27:27,698 - werkzeug - INFO -  * Detected change in 'D:\\uas-gacor-sistem-gudang\\user-service\\schema.py', reloading
2025-06-09 01:27:27,755 - werkzeug - INFO -  * Restarting with stat
2025-06-09 01:27:28,220 - sqlalchemy.engine.Engine - INFO - BEGIN (implicit)
2025-06-09 01:27:28,220 - sqlalchemy.engine.Engine - INFO - PRAGMA main.table_info("users")
2025-06-09 01:27:28,220 - sqlalchemy.engine.Engine - INFO - [raw sql] ()
2025-06-09 01:27:28,221 - sqlalchemy.engine.Engine - INFO - PRAGMA main.table_info("roles")
2025-06-09 01:27:28,221 - sqlalchemy.engine.Engine - INFO - [raw sql] ()
2025-06-09 01:27:28,222 - sqlalchemy.engine.Engine - INFO - PRAGMA main.table_info("user_roles")
2025-06-09 01:27:28,222 - sqlalchemy.engine.Engine - INFO - [raw sql] ()
2025-06-09 01:27:28,223 - sqlalchemy.engine.Engine - INFO - PRAGMA main.table_info("refresh_tokens")
2025-06-09 01:27:28,223 - sqlalchemy.engine.Engine - INFO - [raw sql] ()
2025-06-09 01:27:28,223 - sqlalchemy.engine.Engine - INFO - COMMIT
2025-06-09 01:27:28,229 - sqlalchemy.engine.Engine - INFO - BEGIN (implicit)
2025-06-09 01:27:28,231 - sqlalchemy.engine.Engine - INFO - SELECT roles.id AS roles_id, roles.name AS roles_name, roles.description AS roles_description, roles.created_at AS roles_created_at, roles.updated_at AS roles_updated_at 
FROM roles
 LIMIT ? OFFSET ?
2025-06-09 01:27:28,232 - sqlalchemy.engine.Engine - INFO - [generated in 0.00098s] (1, 0)
2025-06-09 01:27:28,232 - sqlalchemy.engine.Engine - INFO - ROLLBACK
2025-06-09 01:27:28,244 - werkzeug - WARNING -  * Debugger is active!
2025-06-09 01:27:28,248 - werkzeug - INFO -  * Debugger PIN: 922-338-209
2025-06-09 01:27:49,121 - werkzeug - INFO -  * Detected change in 'D:\\uas-gacor-sistem-gudang\\user-service\\app.py', reloading
2025-06-09 01:27:49,172 - werkzeug - INFO -  * Restarting with stat
2025-06-09 01:27:50,018 - sqlalchemy.engine.Engine - INFO - BEGIN (implicit)
2025-06-09 01:27:50,018 - sqlalchemy.engine.Engine - INFO - PRAGMA main.table_info("users")
2025-06-09 01:27:50,019 - sqlalchemy.engine.Engine - INFO - [raw sql] ()
2025-06-09 01:27:50,019 - sqlalchemy.engine.Engine - INFO - PRAGMA main.table_info("roles")
2025-06-09 01:27:50,020 - sqlalchemy.engine.Engine - INFO - [raw sql] ()
2025-06-09 01:27:50,020 - sqlalchemy.engine.Engine - INFO - PRAGMA main.table_info("user_roles")
2025-06-09 01:27:50,020 - sqlalchemy.engine.Engine - INFO - [raw sql] ()
2025-06-09 01:27:50,021 - sqlalchemy.engine.Engine - INFO - PRAGMA main.table_info("refresh_tokens")
2025-06-09 01:27:50,021 - sqlalchemy.engine.Engine - INFO - [raw sql] ()
2025-06-09 01:27:50,021 - sqlalchemy.engine.Engine - INFO - COMMIT
2025-06-09 01:27:50,022 - sqlalchemy.engine.Engine - INFO - BEGIN (implicit)
2025-06-09 01:27:50,023 - sqlalchemy.engine.Engine - INFO - SELECT roles.id AS roles_id, roles.name AS roles_name, roles.description AS roles_description, roles.created_at AS roles_created_at, roles.updated_at AS roles_updated_at 
FROM roles
 LIMIT ? OFFSET ?
2025-06-09 01:27:50,025 - sqlalchemy.engine.Engine - INFO - [generated in 0.00092s] (1, 0)
2025-06-09 01:27:50,025 - sqlalchemy.engine.Engine - INFO - ROLLBACK
2025-06-09 01:27:50,037 - werkzeug - WARNING -  * Debugger is active!
2025-06-09 01:27:50,040 - werkzeug - INFO -  * Debugger PIN: 922-338-209
2025-06-09 01:28:26,186 - werkzeug - INFO -  * Detected change in 'D:\\uas-gacor-sistem-gudang\\user-service\\schema.py', reloading
2025-06-09 01:28:26,253 - werkzeug - INFO -  * Restarting with stat
2025-06-09 01:28:26,923 - sqlalchemy.engine.Engine - INFO - BEGIN (implicit)
2025-06-09 01:28:26,924 - sqlalchemy.engine.Engine - INFO - PRAGMA main.table_info("users")
2025-06-09 01:28:26,924 - sqlalchemy.engine.Engine - INFO - [raw sql] ()
2025-06-09 01:28:26,925 - sqlalchemy.engine.Engine - INFO - PRAGMA main.table_info("roles")
2025-06-09 01:28:26,925 - sqlalchemy.engine.Engine - INFO - [raw sql] ()
2025-06-09 01:28:26,925 - sqlalchemy.engine.Engine - INFO - PRAGMA main.table_info("user_roles")
2025-06-09 01:28:26,926 - sqlalchemy.engine.Engine - INFO - [raw sql] ()
2025-06-09 01:28:26,926 - sqlalchemy.engine.Engine - INFO - PRAGMA main.table_info("refresh_tokens")
2025-06-09 01:28:26,926 - sqlalchemy.engine.Engine - INFO - [raw sql] ()
2025-06-09 01:28:26,927 - sqlalchemy.engine.Engine - INFO - COMMIT
2025-06-09 01:28:26,927 - sqlalchemy.engine.Engine - INFO - BEGIN (implicit)
2025-06-09 01:28:26,930 - sqlalchemy.engine.Engine - INFO - SELECT roles.id AS roles_id, roles.name AS roles_name, roles.description AS roles_description, roles.created_at AS roles_created_at, roles.updated_at AS roles_updated_at 
FROM roles
 LIMIT ? OFFSET ?
2025-06-09 01:28:26,930 - sqlalchemy.engine.Engine - INFO - [generated in 0.00088s] (1, 0)
2025-06-09 01:28:26,931 - sqlalchemy.engine.Engine - INFO - ROLLBACK
2025-06-09 01:28:26,947 - werkzeug - WARNING -  * Debugger is active!
2025-06-09 01:28:26,950 - werkzeug - INFO -  * Debugger PIN: 922-338-209
2025-06-09 01:28:42,387 - werkzeug - INFO -  * Detected change in 'D:\\uas-gacor-sistem-gudang\\user-service\\app.py', reloading
2025-06-09 01:28:42,510 - werkzeug - INFO -  * Restarting with stat
2025-06-09 01:28:43,217 - sqlalchemy.engine.Engine - INFO - BEGIN (implicit)
2025-06-09 01:28:43,218 - sqlalchemy.engine.Engine - INFO - PRAGMA main.table_info("users")
2025-06-09 01:28:43,218 - sqlalchemy.engine.Engine - INFO - [raw sql] ()
2025-06-09 01:28:43,218 - sqlalchemy.engine.Engine - INFO - PRAGMA main.table_info("roles")
2025-06-09 01:28:43,219 - sqlalchemy.engine.Engine - INFO - [raw sql] ()
2025-06-09 01:28:43,219 - sqlalchemy.engine.Engine - INFO - PRAGMA main.table_info("user_roles")
2025-06-09 01:28:43,220 - sqlalchemy.engine.Engine - INFO - [raw sql] ()
2025-06-09 01:28:43,220 - sqlalchemy.engine.Engine - INFO - PRAGMA main.table_info("refresh_tokens")
2025-06-09 01:28:43,220 - sqlalchemy.engine.Engine - INFO - [raw sql] ()
2025-06-09 01:28:43,220 - sqlalchemy.engine.Engine - INFO - COMMIT
2025-06-09 01:28:43,221 - sqlalchemy.engine.Engine - INFO - BEGIN (implicit)
2025-06-09 01:28:43,223 - sqlalchemy.engine.Engine - INFO - SELECT roles.id AS roles_id, roles.name AS roles_name, roles.description AS roles_description, roles.created_at AS roles_created_at, roles.updated_at AS roles_updated_at 
FROM roles
 LIMIT ? OFFSET ?
2025-06-09 01:28:43,223 - sqlalchemy.engine.Engine - INFO - [generated in 0.00074s] (1, 0)
2025-06-09 01:28:43,224 - sqlalchemy.engine.Engine - INFO - ROLLBACK
2025-06-09 01:28:43,238 - werkzeug - WARNING -  * Debugger is active!
2025-06-09 01:28:43,241 - werkzeug - INFO -  * Debugger PIN: 922-338-209
2025-06-09 01:29:11,817 - werkzeug - INFO -  * Detected change in 'D:\\uas-gacor-sistem-gudang\\user-service\\config.py', reloading
2025-06-09 01:29:11,907 - werkzeug - INFO -  * Restarting with stat
2025-06-09 01:29:12,714 - sqlalchemy.engine.Engine - INFO - BEGIN (implicit)
2025-06-09 01:29:12,714 - sqlalchemy.engine.Engine - INFO - PRAGMA main.table_info("users")
2025-06-09 01:29:12,714 - sqlalchemy.engine.Engine - INFO - [raw sql] ()
2025-06-09 01:29:12,715 - sqlalchemy.engine.Engine - INFO - PRAGMA main.table_info("roles")
2025-06-09 01:29:12,715 - sqlalchemy.engine.Engine - INFO - [raw sql] ()
2025-06-09 01:29:12,715 - sqlalchemy.engine.Engine - INFO - PRAGMA main.table_info("user_roles")
2025-06-09 01:29:12,716 - sqlalchemy.engine.Engine - INFO - [raw sql] ()
2025-06-09 01:29:12,716 - sqlalchemy.engine.Engine - INFO - PRAGMA main.table_info("refresh_tokens")
2025-06-09 01:29:12,716 - sqlalchemy.engine.Engine - INFO - [raw sql] ()
2025-06-09 01:29:12,717 - sqlalchemy.engine.Engine - INFO - COMMIT
2025-06-09 01:29:12,718 - sqlalchemy.engine.Engine - INFO - BEGIN (implicit)
2025-06-09 01:29:12,719 - sqlalchemy.engine.Engine - INFO - SELECT roles.id AS roles_id, roles.name AS roles_name, roles.description AS roles_description, roles.created_at AS roles_created_at, roles.updated_at AS roles_updated_at 
FROM roles
 LIMIT ? OFFSET ?
2025-06-09 01:29:12,720 - sqlalchemy.engine.Engine - INFO - [generated in 0.00090s] (1, 0)
2025-06-09 01:29:12,721 - sqlalchemy.engine.Engine - INFO - ROLLBACK
2025-06-09 01:29:12,735 - werkzeug - WARNING -  * Debugger is active!
2025-06-09 01:29:12,739 - werkzeug - INFO -  * Debugger PIN: 922-338-209
2025-06-09 01:29:22,797 - werkzeug - INFO -  * Detected change in 'D:\\uas-gacor-sistem-gudang\\user-service\\reset_db.py', reloading
2025-06-09 01:29:22,879 - werkzeug - INFO -  * Restarting with stat
2025-06-09 01:29:23,578 - sqlalchemy.engine.Engine - INFO - BEGIN (implicit)
2025-06-09 01:29:23,578 - sqlalchemy.engine.Engine - INFO - PRAGMA main.table_info("users")
2025-06-09 01:29:23,578 - sqlalchemy.engine.Engine - INFO - [raw sql] ()
2025-06-09 01:29:23,579 - sqlalchemy.engine.Engine - INFO - PRAGMA main.table_info("roles")
2025-06-09 01:29:23,579 - sqlalchemy.engine.Engine - INFO - [raw sql] ()
2025-06-09 01:29:23,579 - sqlalchemy.engine.Engine - INFO - PRAGMA main.table_info("user_roles")
2025-06-09 01:29:23,580 - sqlalchemy.engine.Engine - INFO - [raw sql] ()
2025-06-09 01:29:23,580 - sqlalchemy.engine.Engine - INFO - PRAGMA main.table_info("refresh_tokens")
2025-06-09 01:29:23,581 - sqlalchemy.engine.Engine - INFO - [raw sql] ()
2025-06-09 01:29:23,581 - sqlalchemy.engine.Engine - INFO - COMMIT
2025-06-09 01:29:23,582 - sqlalchemy.engine.Engine - INFO - BEGIN (implicit)
2025-06-09 01:29:23,583 - sqlalchemy.engine.Engine - INFO - SELECT roles.id AS roles_id, roles.name AS roles_name, roles.description AS roles_description, roles.created_at AS roles_created_at, roles.updated_at AS roles_updated_at 
FROM roles
 LIMIT ? OFFSET ?
2025-06-09 01:29:23,583 - sqlalchemy.engine.Engine - INFO - [generated in 0.00071s] (1, 0)
2025-06-09 01:29:23,585 - sqlalchemy.engine.Engine - INFO - ROLLBACK
2025-06-09 01:29:23,598 - werkzeug - WARNING -  * Debugger is active!
2025-06-09 01:29:23,602 - werkzeug - INFO -  * Debugger PIN: 922-338-209
2025-06-09 01:31:03,532 - werkzeug - INFO -  * Detected change in 'D:\\uas-gacor-sistem-gudang\\user-service\\config.py', reloading
2025-06-09 01:31:03,623 - werkzeug - INFO -  * Restarting with stat
2025-06-09 01:31:04,298 - sqlalchemy.engine.Engine - INFO - BEGIN (implicit)
2025-06-09 01:31:04,298 - sqlalchemy.engine.Engine - INFO - PRAGMA main.table_info("users")
2025-06-09 01:31:04,298 - sqlalchemy.engine.Engine - INFO - [raw sql] ()
2025-06-09 01:31:04,299 - sqlalchemy.engine.Engine - INFO - PRAGMA main.table_info("roles")
2025-06-09 01:31:04,299 - sqlalchemy.engine.Engine - INFO - [raw sql] ()
2025-06-09 01:31:04,299 - sqlalchemy.engine.Engine - INFO - PRAGMA main.table_info("user_roles")
2025-06-09 01:31:04,299 - sqlalchemy.engine.Engine - INFO - [raw sql] ()
2025-06-09 01:31:04,299 - sqlalchemy.engine.Engine - INFO - PRAGMA main.table_info("refresh_tokens")
2025-06-09 01:31:04,299 - sqlalchemy.engine.Engine - INFO - [raw sql] ()
2025-06-09 01:31:04,301 - sqlalchemy.engine.Engine - INFO - COMMIT
2025-06-09 01:31:04,301 - sqlalchemy.engine.Engine - INFO - BEGIN (implicit)
2025-06-09 01:31:04,303 - sqlalchemy.engine.Engine - INFO - SELECT roles.id AS roles_id, roles.name AS roles_name, roles.description AS roles_description, roles.created_at AS roles_created_at, roles.updated_at AS roles_updated_at 
FROM roles
 LIMIT ? OFFSET ?
2025-06-09 01:31:04,303 - sqlalchemy.engine.Engine - INFO - [generated in 0.00058s] (1, 0)
2025-06-09 01:31:04,304 - sqlalchemy.engine.Engine - INFO - ROLLBACK
2025-06-09 01:31:04,315 - werkzeug - WARNING -  * Debugger is active!
2025-06-09 01:31:04,319 - werkzeug - INFO -  * Debugger PIN: 922-338-209
2025-06-09 01:31:48,055 - werkzeug - INFO -  * Detected change in 'D:\\uas-gacor-sistem-gudang\\user-service\\reset_db.py', reloading
2025-06-09 01:31:48,158 - werkzeug - INFO -  * Restarting with stat
2025-06-09 01:31:48,890 - sqlalchemy.engine.Engine - INFO - BEGIN (implicit)
2025-06-09 01:31:48,890 - sqlalchemy.engine.Engine - INFO - PRAGMA main.table_info("users")
2025-06-09 01:31:48,890 - sqlalchemy.engine.Engine - INFO - [raw sql] ()
2025-06-09 01:31:48,891 - sqlalchemy.engine.Engine - INFO - PRAGMA main.table_info("roles")
2025-06-09 01:31:48,892 - sqlalchemy.engine.Engine - INFO - [raw sql] ()
2025-06-09 01:31:48,892 - sqlalchemy.engine.Engine - INFO - PRAGMA main.table_info("user_roles")
2025-06-09 01:31:48,893 - sqlalchemy.engine.Engine - INFO - [raw sql] ()
2025-06-09 01:31:48,895 - sqlalchemy.engine.Engine - INFO - PRAGMA main.table_info("refresh_tokens")
2025-06-09 01:31:48,895 - sqlalchemy.engine.Engine - INFO - [raw sql] ()
2025-06-09 01:31:48,896 - sqlalchemy.engine.Engine - INFO - COMMIT
2025-06-09 01:31:48,897 - sqlalchemy.engine.Engine - INFO - BEGIN (implicit)
2025-06-09 01:31:48,899 - sqlalchemy.engine.Engine - INFO - SELECT roles.id AS roles_id, roles.name AS roles_name, roles.description AS roles_description, roles.created_at AS roles_created_at, roles.updated_at AS roles_updated_at 
FROM roles
 LIMIT ? OFFSET ?
2025-06-09 01:31:48,900 - sqlalchemy.engine.Engine - INFO - [generated in 0.00120s] (1, 0)
2025-06-09 01:31:48,901 - sqlalchemy.engine.Engine - INFO - ROLLBACK
2025-06-09 01:31:48,920 - werkzeug - WARNING -  * Debugger is active!
2025-06-09 01:31:48,924 - werkzeug - INFO -  * Debugger PIN: 922-338-209
2025-06-09 01:32:37,383 - sqlalchemy.engine.Engine - INFO - BEGIN (implicit)
2025-06-09 01:32:37,383 - sqlalchemy.engine.Engine - INFO - PRAGMA main.table_info("users")
2025-06-09 01:32:37,383 - sqlalchemy.engine.Engine - INFO - [raw sql] ()
2025-06-09 01:32:37,383 - sqlalchemy.engine.Engine - INFO - PRAGMA main.table_info("roles")
2025-06-09 01:32:37,385 - sqlalchemy.engine.Engine - INFO - [raw sql] ()
2025-06-09 01:32:37,385 - sqlalchemy.engine.Engine - INFO - PRAGMA main.table_info("user_roles")
2025-06-09 01:32:37,385 - sqlalchemy.engine.Engine - INFO - [raw sql] ()
2025-06-09 01:32:37,385 - sqlalchemy.engine.Engine - INFO - PRAGMA main.table_info("refresh_tokens")
2025-06-09 01:32:37,386 - sqlalchemy.engine.Engine - INFO - [raw sql] ()
2025-06-09 01:32:37,386 - sqlalchemy.engine.Engine - INFO - COMMIT
2025-06-09 01:32:37,387 - sqlalchemy.engine.Engine - INFO - BEGIN (implicit)
2025-06-09 01:32:37,388 - sqlalchemy.engine.Engine - INFO - SELECT roles.id AS roles_id, roles.name AS roles_name, roles.description AS roles_description, roles.created_at AS roles_created_at, roles.updated_at AS roles_updated_at 
FROM roles
 LIMIT ? OFFSET ?
2025-06-09 01:32:37,389 - sqlalchemy.engine.Engine - INFO - [generated in 0.00075s] (1, 0)
2025-06-09 01:32:37,389 - sqlalchemy.engine.Engine - INFO - ROLLBACK
2025-06-09 01:32:44,163 - sqlalchemy.engine.Engine - INFO - BEGIN (implicit)
2025-06-09 01:32:44,163 - sqlalchemy.engine.Engine - INFO - PRAGMA main.table_info("users")
2025-06-09 01:32:44,163 - sqlalchemy.engine.Engine - INFO - [raw sql] ()
2025-06-09 01:32:44,164 - sqlalchemy.engine.Engine - INFO - PRAGMA main.table_info("roles")
2025-06-09 01:32:44,164 - sqlalchemy.engine.Engine - INFO - [raw sql] ()
2025-06-09 01:32:44,165 - sqlalchemy.engine.Engine - INFO - PRAGMA main.table_info("user_roles")
2025-06-09 01:32:44,165 - sqlalchemy.engine.Engine - INFO - [raw sql] ()
2025-06-09 01:32:44,165 - sqlalchemy.engine.Engine - INFO - PRAGMA main.table_info("refresh_tokens")
2025-06-09 01:32:44,165 - sqlalchemy.engine.Engine - INFO - [raw sql] ()
2025-06-09 01:32:44,166 - sqlalchemy.engine.Engine - INFO - COMMIT
2025-06-09 01:32:44,166 - sqlalchemy.engine.Engine - INFO - BEGIN (implicit)
2025-06-09 01:32:44,168 - sqlalchemy.engine.Engine - INFO - SELECT roles.id AS roles_id, roles.name AS roles_name, roles.description AS roles_description, roles.created_at AS roles_created_at, roles.updated_at AS roles_updated_at 
FROM roles
 LIMIT ? OFFSET ?
2025-06-09 01:32:44,169 - sqlalchemy.engine.Engine - INFO - [generated in 0.00067s] (1, 0)
2025-06-09 01:32:44,170 - sqlalchemy.engine.Engine - INFO - ROLLBACK
2025-06-09 01:32:45,047 - werkzeug - INFO - [31m[1mWARNING: This is a development server. Do not use it in a production deployment. Use a production WSGI server instead.[0m
 * Running on all addresses (0.0.0.0)
 * Running on http://127.0.0.1:5003
 * Running on http://192.168.18.21:5003
2025-06-09 01:32:45,049 - werkzeug - INFO - [33mPress CTRL+C to quit[0m
2025-06-09 01:32:45,051 - werkzeug - INFO -  * Restarting with stat
2025-06-09 01:32:45,681 - sqlalchemy.engine.Engine - INFO - BEGIN (implicit)
2025-06-09 01:32:45,681 - sqlalchemy.engine.Engine - INFO - PRAGMA main.table_info("users")
2025-06-09 01:32:45,682 - sqlalchemy.engine.Engine - INFO - [raw sql] ()
2025-06-09 01:32:45,682 - sqlalchemy.engine.Engine - INFO - PRAGMA main.table_info("roles")
2025-06-09 01:32:45,683 - sqlalchemy.engine.Engine - INFO - [raw sql] ()
2025-06-09 01:32:45,683 - sqlalchemy.engine.Engine - INFO - PRAGMA main.table_info("user_roles")
2025-06-09 01:32:45,683 - sqlalchemy.engine.Engine - INFO - [raw sql] ()
2025-06-09 01:32:45,685 - sqlalchemy.engine.Engine - INFO - PRAGMA main.table_info("refresh_tokens")
2025-06-09 01:32:45,685 - sqlalchemy.engine.Engine - INFO - [raw sql] ()
2025-06-09 01:32:45,685 - sqlalchemy.engine.Engine - INFO - COMMIT
2025-06-09 01:32:45,686 - sqlalchemy.engine.Engine - INFO - BEGIN (implicit)
2025-06-09 01:32:45,687 - sqlalchemy.engine.Engine - INFO - SELECT roles.id AS roles_id, roles.name AS roles_name, roles.description AS roles_description, roles.created_at AS roles_created_at, roles.updated_at AS roles_updated_at 
FROM roles
 LIMIT ? OFFSET ?
2025-06-09 01:32:45,688 - sqlalchemy.engine.Engine - INFO - [generated in 0.00103s] (1, 0)
2025-06-09 01:32:45,689 - sqlalchemy.engine.Engine - INFO - ROLLBACK
2025-06-09 01:32:45,703 - werkzeug - WARNING -  * Debugger is active!
2025-06-09 01:32:45,706 - werkzeug - INFO -  * Debugger PIN: 922-338-209
2025-06-09 01:32:51,444 - werkzeug - INFO - 127.0.0.1 - - [09/Jun/2025 01:32:51] "[33mGET / HTTP/1.1[0m" 404 -
2025-06-09 01:32:58,780 - werkzeug - INFO - 127.0.0.1 - - [09/Jun/2025 01:32:58] "GET /graphql HTTP/1.1" 200 -
2025-06-09 01:32:58,894 - werkzeug - INFO - 127.0.0.1 - - [09/Jun/2025 01:32:58] "POST /graphql HTTP/1.1" 200 -
2025-06-09 01:33:19,447 - werkzeug - INFO -  * Detected change in 'D:\\uas-gacor-sistem-gudang\\user-service\\reset_db.py', reloading
2025-06-09 01:33:19,513 - werkzeug - INFO -  * Restarting with stat
2025-06-09 01:33:20,142 - sqlalchemy.engine.Engine - INFO - BEGIN (implicit)
2025-06-09 01:33:20,142 - sqlalchemy.engine.Engine - INFO - PRAGMA main.table_info("users")
2025-06-09 01:33:20,142 - sqlalchemy.engine.Engine - INFO - [raw sql] ()
2025-06-09 01:33:20,143 - sqlalchemy.engine.Engine - INFO - PRAGMA main.table_info("roles")
2025-06-09 01:33:20,143 - sqlalchemy.engine.Engine - INFO - [raw sql] ()
2025-06-09 01:33:20,143 - sqlalchemy.engine.Engine - INFO - PRAGMA main.table_info("user_roles")
2025-06-09 01:33:20,144 - sqlalchemy.engine.Engine - INFO - [raw sql] ()
2025-06-09 01:33:20,145 - sqlalchemy.engine.Engine - INFO - PRAGMA main.table_info("refresh_tokens")
2025-06-09 01:33:20,145 - sqlalchemy.engine.Engine - INFO - [raw sql] ()
2025-06-09 01:33:20,145 - sqlalchemy.engine.Engine - INFO - COMMIT
2025-06-09 01:33:20,146 - sqlalchemy.engine.Engine - INFO - BEGIN (implicit)
2025-06-09 01:33:20,147 - sqlalchemy.engine.Engine - INFO - SELECT roles.id AS roles_id, roles.name AS roles_name, roles.description AS roles_description, roles.created_at AS roles_created_at, roles.updated_at AS roles_updated_at 
FROM roles
 LIMIT ? OFFSET ?
2025-06-09 01:33:20,147 - sqlalchemy.engine.Engine - INFO - [generated in 0.00061s] (1, 0)
2025-06-09 01:33:20,149 - sqlalchemy.engine.Engine - INFO - ROLLBACK
2025-06-09 01:33:20,161 - werkzeug - WARNING -  * Debugger is active!
2025-06-09 01:33:20,164 - werkzeug - INFO -  * Debugger PIN: 922-338-209
2025-06-09 01:35:46,311 - werkzeug - INFO -  * Detected change in 'D:\\uas-gacor-sistem-gudang\\user-service\\cleanup_db.py', reloading
2025-06-09 01:35:46,396 - werkzeug - INFO -  * Restarting with stat
2025-06-09 01:35:47,049 - sqlalchemy.engine.Engine - INFO - BEGIN (implicit)
2025-06-09 01:35:47,050 - sqlalchemy.engine.Engine - INFO - PRAGMA main.table_info("users")
2025-06-09 01:35:47,050 - sqlalchemy.engine.Engine - INFO - [raw sql] ()
2025-06-09 01:35:47,050 - sqlalchemy.engine.Engine - INFO - PRAGMA main.table_info("roles")
2025-06-09 01:35:47,051 - sqlalchemy.engine.Engine - INFO - [raw sql] ()
2025-06-09 01:35:47,051 - sqlalchemy.engine.Engine - INFO - PRAGMA main.table_info("user_roles")
2025-06-09 01:35:47,051 - sqlalchemy.engine.Engine - INFO - [raw sql] ()
2025-06-09 01:35:47,051 - sqlalchemy.engine.Engine - INFO - PRAGMA main.table_info("refresh_tokens")
2025-06-09 01:35:47,052 - sqlalchemy.engine.Engine - INFO - [raw sql] ()
2025-06-09 01:35:47,052 - sqlalchemy.engine.Engine - INFO - COMMIT
2025-06-09 01:35:47,053 - sqlalchemy.engine.Engine - INFO - BEGIN (implicit)
2025-06-09 01:35:47,054 - sqlalchemy.engine.Engine - INFO - SELECT roles.id AS roles_id, roles.name AS roles_name, roles.description AS roles_description, roles.created_at AS roles_created_at, roles.updated_at AS roles_updated_at 
FROM roles
 LIMIT ? OFFSET ?
2025-06-09 01:35:47,054 - sqlalchemy.engine.Engine - INFO - [generated in 0.00071s] (1, 0)
2025-06-09 01:35:47,056 - sqlalchemy.engine.Engine - INFO - ROLLBACK
2025-06-09 01:35:47,068 - werkzeug - WARNING -  * Debugger is active!
2025-06-09 01:35:47,071 - werkzeug - INFO -  * Debugger PIN: 922-338-209
2025-06-09 01:35:53,755 - werkzeug - INFO -  * Detected change in 'D:\\uas-gacor-sistem-gudang\\user-service\\cleanup_db.py', reloading
2025-06-09 01:35:53,850 - werkzeug - INFO -  * Restarting with stat
2025-06-09 01:35:54,544 - sqlalchemy.engine.Engine - INFO - BEGIN (implicit)
2025-06-09 01:35:54,544 - sqlalchemy.engine.Engine - INFO - PRAGMA main.table_info("users")
2025-06-09 01:35:54,545 - sqlalchemy.engine.Engine - INFO - [raw sql] ()
2025-06-09 01:35:54,545 - sqlalchemy.engine.Engine - INFO - PRAGMA main.table_info("roles")
2025-06-09 01:35:54,545 - sqlalchemy.engine.Engine - INFO - [raw sql] ()
2025-06-09 01:35:54,546 - sqlalchemy.engine.Engine - INFO - PRAGMA main.table_info("user_roles")
2025-06-09 01:35:54,546 - sqlalchemy.engine.Engine - INFO - [raw sql] ()
2025-06-09 01:35:54,546 - sqlalchemy.engine.Engine - INFO - PRAGMA main.table_info("refresh_tokens")
2025-06-09 01:35:54,547 - sqlalchemy.engine.Engine - INFO - [raw sql] ()
2025-06-09 01:35:54,547 - sqlalchemy.engine.Engine - INFO - COMMIT
2025-06-09 01:35:54,548 - sqlalchemy.engine.Engine - INFO - BEGIN (implicit)
2025-06-09 01:35:54,551 - sqlalchemy.engine.Engine - INFO - SELECT roles.id AS roles_id, roles.name AS roles_name, roles.description AS roles_description, roles.created_at AS roles_created_at, roles.updated_at AS roles_updated_at 
FROM roles
 LIMIT ? OFFSET ?
2025-06-09 01:35:54,551 - sqlalchemy.engine.Engine - INFO - [generated in 0.00085s] (1, 0)
2025-06-09 01:35:54,552 - sqlalchemy.engine.Engine - INFO - ROLLBACK
2025-06-09 01:35:54,567 - werkzeug - WARNING -  * Debugger is active!
2025-06-09 01:35:54,572 - werkzeug - INFO -  * Debugger PIN: 922-338-209
2025-06-09 01:37:22,953 - werkzeug - INFO -  * Detected change in 'D:\\uas-gacor-sistem-gudang\\user-service\\delete_db.py', reloading
2025-06-09 01:37:23,034 - werkzeug - INFO -  * Restarting with stat
2025-06-09 01:37:23,671 - sqlalchemy.engine.Engine - INFO - BEGIN (implicit)
2025-06-09 01:37:23,671 - sqlalchemy.engine.Engine - INFO - PRAGMA main.table_info("users")
2025-06-09 01:37:23,671 - sqlalchemy.engine.Engine - INFO - [raw sql] ()
2025-06-09 01:37:23,672 - sqlalchemy.engine.Engine - INFO - PRAGMA main.table_info("roles")
2025-06-09 01:37:23,673 - sqlalchemy.engine.Engine - INFO - [raw sql] ()
2025-06-09 01:37:23,673 - sqlalchemy.engine.Engine - INFO - PRAGMA main.table_info("user_roles")
2025-06-09 01:37:23,673 - sqlalchemy.engine.Engine - INFO - [raw sql] ()
2025-06-09 01:37:23,673 - sqlalchemy.engine.Engine - INFO - PRAGMA main.table_info("refresh_tokens")
2025-06-09 01:37:23,674 - sqlalchemy.engine.Engine - INFO - [raw sql] ()
2025-06-09 01:37:23,674 - sqlalchemy.engine.Engine - INFO - COMMIT
2025-06-09 01:37:23,675 - sqlalchemy.engine.Engine - INFO - BEGIN (implicit)
2025-06-09 01:37:23,676 - sqlalchemy.engine.Engine - INFO - SELECT roles.id AS roles_id, roles.name AS roles_name, roles.description AS roles_description, roles.created_at AS roles_created_at, roles.updated_at AS roles_updated_at 
FROM roles
 LIMIT ? OFFSET ?
2025-06-09 01:37:23,676 - sqlalchemy.engine.Engine - INFO - [generated in 0.00057s] (1, 0)
2025-06-09 01:37:23,678 - sqlalchemy.engine.Engine - INFO - ROLLBACK
2025-06-09 01:37:23,689 - werkzeug - WARNING -  * Debugger is active!
2025-06-09 01:37:23,693 - werkzeug - INFO -  * Debugger PIN: 922-338-209
2025-06-09 01:37:32,558 - werkzeug - INFO -  * Detected change in 'D:\\uas-gacor-sistem-gudang\\user-service\\delete_db.py', reloading
2025-06-09 01:37:32,635 - werkzeug - INFO -  * Restarting with stat
2025-06-09 01:37:33,295 - sqlalchemy.engine.Engine - INFO - BEGIN (implicit)
2025-06-09 01:37:33,296 - sqlalchemy.engine.Engine - INFO - PRAGMA main.table_info("users")
2025-06-09 01:37:33,296 - sqlalchemy.engine.Engine - INFO - [raw sql] ()
2025-06-09 01:37:33,296 - sqlalchemy.engine.Engine - INFO - PRAGMA main.table_info("roles")
2025-06-09 01:37:33,297 - sqlalchemy.engine.Engine - INFO - [raw sql] ()
2025-06-09 01:37:33,297 - sqlalchemy.engine.Engine - INFO - PRAGMA main.table_info("user_roles")
2025-06-09 01:37:33,297 - sqlalchemy.engine.Engine - INFO - [raw sql] ()
2025-06-09 01:37:33,298 - sqlalchemy.engine.Engine - INFO - PRAGMA main.table_info("refresh_tokens")
2025-06-09 01:37:33,298 - sqlalchemy.engine.Engine - INFO - [raw sql] ()
2025-06-09 01:37:33,298 - sqlalchemy.engine.Engine - INFO - COMMIT
2025-06-09 01:37:33,300 - sqlalchemy.engine.Engine - INFO - BEGIN (implicit)
2025-06-09 01:37:33,301 - sqlalchemy.engine.Engine - INFO - SELECT roles.id AS roles_id, roles.name AS roles_name, roles.description AS roles_description, roles.created_at AS roles_created_at, roles.updated_at AS roles_updated_at 
FROM roles
 LIMIT ? OFFSET ?
2025-06-09 01:37:33,301 - sqlalchemy.engine.Engine - INFO - [generated in 0.00063s] (1, 0)
2025-06-09 01:37:33,302 - sqlalchemy.engine.Engine - INFO - ROLLBACK
2025-06-09 01:37:33,314 - werkzeug - WARNING -  * Debugger is active!
2025-06-09 01:37:33,317 - werkzeug - INFO -  * Debugger PIN: 922-338-209
2025-06-09 01:42:01,531 - sqlalchemy.engine.Engine - INFO - BEGIN (implicit)
2025-06-09 01:42:01,531 - sqlalchemy.engine.Engine - INFO - PRAGMA main.table_info("users")
2025-06-09 01:42:01,532 - sqlalchemy.engine.Engine - INFO - [raw sql] ()
2025-06-09 01:42:01,532 - sqlalchemy.engine.Engine - INFO - PRAGMA main.table_info("roles")
2025-06-09 01:42:01,532 - sqlalchemy.engine.Engine - INFO - [raw sql] ()
2025-06-09 01:42:01,533 - sqlalchemy.engine.Engine - INFO - PRAGMA main.table_info("user_roles")
2025-06-09 01:42:01,533 - sqlalchemy.engine.Engine - INFO - [raw sql] ()
2025-06-09 01:42:01,533 - sqlalchemy.engine.Engine - INFO - PRAGMA main.table_info("refresh_tokens")
2025-06-09 01:42:01,534 - sqlalchemy.engine.Engine - INFO - [raw sql] ()
2025-06-09 01:42:01,535 - sqlalchemy.engine.Engine - INFO - COMMIT
2025-06-09 01:42:02,399 - werkzeug - INFO - [31m[1mWARNING: This is a development server. Do not use it in a production deployment. Use a production WSGI server instead.[0m
 * Running on all addresses (0.0.0.0)
 * Running on http://127.0.0.1:5003
 * Running on http://192.168.18.21:5003
2025-06-09 01:42:02,400 - werkzeug - INFO - [33mPress CTRL+C to quit[0m
2025-06-09 01:42:02,409 - werkzeug - INFO -  * Restarting with watchdog (windowsapi)
2025-06-09 01:42:03,045 - sqlalchemy.engine.Engine - INFO - BEGIN (implicit)
2025-06-09 01:42:03,045 - sqlalchemy.engine.Engine - INFO - PRAGMA main.table_info("users")
2025-06-09 01:42:03,046 - sqlalchemy.engine.Engine - INFO - [raw sql] ()
2025-06-09 01:42:03,046 - sqlalchemy.engine.Engine - INFO - PRAGMA main.table_info("roles")
2025-06-09 01:42:03,046 - sqlalchemy.engine.Engine - INFO - [raw sql] ()
2025-06-09 01:42:03,047 - sqlalchemy.engine.Engine - INFO - PRAGMA main.table_info("user_roles")
2025-06-09 01:42:03,047 - sqlalchemy.engine.Engine - INFO - [raw sql] ()
2025-06-09 01:42:03,047 - sqlalchemy.engine.Engine - INFO - PRAGMA main.table_info("refresh_tokens")
2025-06-09 01:42:03,047 - sqlalchemy.engine.Engine - INFO - [raw sql] ()
2025-06-09 01:42:03,048 - sqlalchemy.engine.Engine - INFO - COMMIT
2025-06-09 01:42:03,061 - werkzeug - WARNING -  * Debugger is active!
2025-06-09 01:42:03,064 - werkzeug - INFO -  * Debugger PIN: 703-687-989
2025-06-09 01:42:08,731 - werkzeug - INFO - 127.0.0.1 - - [09/Jun/2025 01:42:08] "[33mGET / HTTP/1.1[0m" 404 -
2025-06-09 01:42:20,993 - werkzeug - INFO - 127.0.0.1 - - [09/Jun/2025 01:42:20] "GET /graphql HTTP/1.1" 200 -
2025-06-09 01:42:21,099 - werkzeug - INFO - 127.0.0.1 - - [09/Jun/2025 01:42:21] "POST /graphql HTTP/1.1" 200 -
2025-06-09 01:42:47,328 - sqlalchemy.engine.Engine - INFO - BEGIN (implicit)
2025-06-09 01:42:47,330 - sqlalchemy.engine.Engine - INFO - SELECT users.id AS users_id, users.nama AS users_nama, users.password_hash AS users_password_hash, users.created_at AS users_created_at, users.updated_at AS users_updated_at 
FROM users
2025-06-09 01:42:47,331 - sqlalchemy.engine.Engine - INFO - [generated in 0.00077s] ()
2025-06-09 01:42:47,332 - graphql.execution.executor - ERROR - An error occurred while resolving field Query.users
Traceback (most recent call last):
  File "C:\Users\Lenovo\AppData\Local\Programs\Python\Python310\lib\site-packages\sqlalchemy\engine\base.py", line 1900, in _execute_context
    self.dialect.do_execute(
  File "C:\Users\Lenovo\AppData\Local\Programs\Python\Python310\lib\site-packages\sqlalchemy\engine\default.py", line 736, in do_execute
    cursor.execute(statement, parameters)
sqlite3.OperationalError: no such column: users.nama

The above exception was the direct cause of the following exception:

Traceback (most recent call last):
  File "C:\Users\Lenovo\AppData\Local\Programs\Python\Python310\lib\site-packages\graphql\execution\executor.py", line 452, in resolve_or_error
    return executor.execute(resolve_fn, source, info, **args)
  File "C:\Users\Lenovo\AppData\Local\Programs\Python\Python310\lib\site-packages\graphql\execution\executors\sync.py", line 16, in execute
    return fn(*args, **kwargs)
  File "D:\uas-gacor-sistem-gudang\user-service\schema.py", line 21, in resolve_users
    return User.query.all()
  File "C:\Users\Lenovo\AppData\Local\Programs\Python\Python310\lib\site-packages\sqlalchemy\orm\query.py", line 2772, in all
    return self._iter().all()
  File "C:\Users\Lenovo\AppData\Local\Programs\Python\Python310\lib\site-packages\sqlalchemy\orm\query.py", line 2907, in _iter
    result = self.session.execute(
  File "C:\Users\Lenovo\AppData\Local\Programs\Python\Python310\lib\site-packages\sqlalchemy\orm\session.py", line 1712, in execute
    result = conn._execute_20(statement, params or {}, execution_options)
  File "C:\Users\Lenovo\AppData\Local\Programs\Python\Python310\lib\site-packages\sqlalchemy\engine\base.py", line 1705, in _execute_20
    return meth(self, args_10style, kwargs_10style, execution_options)
  File "C:\Users\Lenovo\AppData\Local\Programs\Python\Python310\lib\site-packages\sqlalchemy\sql\elements.py", line 333, in _execute_on_connection
    return connection._execute_clauseelement(
  File "C:\Users\Lenovo\AppData\Local\Programs\Python\Python310\lib\site-packages\sqlalchemy\engine\base.py", line 1572, in _execute_clauseelement
    ret = self._execute_context(
  File "C:\Users\Lenovo\AppData\Local\Programs\Python\Python310\lib\site-packages\sqlalchemy\engine\base.py", line 1943, in _execute_context
    self._handle_dbapi_exception(
  File "C:\Users\Lenovo\AppData\Local\Programs\Python\Python310\lib\site-packages\sqlalchemy\engine\base.py", line 2124, in _handle_dbapi_exception
    util.raise_(
  File "C:\Users\Lenovo\AppData\Local\Programs\Python\Python310\lib\site-packages\sqlalchemy\util\compat.py", line 208, in raise_
    raise exception
  File "C:\Users\Lenovo\AppData\Local\Programs\Python\Python310\lib\site-packages\sqlalchemy\engine\base.py", line 1900, in _execute_context
    self.dialect.do_execute(
  File "C:\Users\Lenovo\AppData\Local\Programs\Python\Python310\lib\site-packages\sqlalchemy\engine\default.py", line 736, in do_execute
    cursor.execute(statement, parameters)
sqlalchemy.exc.OperationalError: (sqlite3.OperationalError) no such column: users.nama
[SQL: SELECT users.id AS users_id, users.nama AS users_nama, users.password_hash AS users_password_hash, users.created_at AS users_created_at, users.updated_at AS users_updated_at 
FROM users]
(Background on this error at: https://sqlalche.me/e/14/e3q8)
2025-06-09 01:42:47,344 - werkzeug - INFO -  * Detected change in 'C:\\Users\\Lenovo\\AppData\\Local\\Programs\\Python\\Python310\\Lib\\site-packages\\graphql\\execution\\executor.py', reloading
2025-06-09 01:42:47,397 - werkzeug - INFO -  * Detected change in 'C:\\Users\\Lenovo\\AppData\\Local\\Programs\\Python\\Python310\\Lib\\site-packages\\graphql\\execution\\executors\\sync.py', reloading
2025-06-09 01:42:47,397 - graphql.execution.utils - ERROR - Traceback (most recent call last):
  File "C:\Users\Lenovo\AppData\Local\Programs\Python\Python310\lib\site-packages\graphql\execution\executor.py", line 452, in resolve_or_error
    return executor.execute(resolve_fn, source, info, **args)
  File "C:\Users\Lenovo\AppData\Local\Programs\Python\Python310\lib\site-packages\graphql\execution\executors\sync.py", line 16, in execute
    return fn(*args, **kwargs)
  File "D:\uas-gacor-sistem-gudang\user-service\schema.py", line 21, in resolve_users
    return User.query.all()
  File "C:\Users\Lenovo\AppData\Local\Programs\Python\Python310\lib\site-packages\sqlalchemy\orm\query.py", line 2772, in all
    return self._iter().all()
  File "C:\Users\Lenovo\AppData\Local\Programs\Python\Python310\lib\site-packages\sqlalchemy\orm\query.py", line 2907, in _iter
    result = self.session.execute(
  File "C:\Users\Lenovo\AppData\Local\Programs\Python\Python310\lib\site-packages\sqlalchemy\orm\session.py", line 1712, in execute
    result = conn._execute_20(statement, params or {}, execution_options)
  File "C:\Users\Lenovo\AppData\Local\Programs\Python\Python310\lib\site-packages\sqlalchemy\engine\base.py", line 1705, in _execute_20
    return meth(self, args_10style, kwargs_10style, execution_options)
  File "C:\Users\Lenovo\AppData\Local\Programs\Python\Python310\lib\site-packages\sqlalchemy\sql\elements.py", line 333, in _execute_on_connection
    return connection._execute_clauseelement(
  File "C:\Users\Lenovo\AppData\Local\Programs\Python\Python310\lib\site-packages\sqlalchemy\engine\base.py", line 1572, in _execute_clauseelement
    ret = self._execute_context(
  File "C:\Users\Lenovo\AppData\Local\Programs\Python\Python310\lib\site-packages\sqlalchemy\engine\base.py", line 1943, in _execute_context
    self._handle_dbapi_exception(
  File "C:\Users\Lenovo\AppData\Local\Programs\Python\Python310\lib\site-packages\sqlalchemy\engine\base.py", line 2124, in _handle_dbapi_exception
    util.raise_(
  File "C:\Users\Lenovo\AppData\Local\Programs\Python\Python310\lib\site-packages\sqlalchemy\util\compat.py", line 208, in raise_
    raise exception
  File "C:\Users\Lenovo\AppData\Local\Programs\Python\Python310\lib\site-packages\sqlalchemy\engine\base.py", line 1900, in _execute_context
    self.dialect.do_execute(
  File "C:\Users\Lenovo\AppData\Local\Programs\Python\Python310\lib\site-packages\sqlalchemy\engine\default.py", line 736, in do_execute
    cursor.execute(statement, parameters)
graphql.error.located_error.GraphQLLocatedError: (sqlite3.OperationalError) no such column: users.nama
[SQL: SELECT users.id AS users_id, users.nama AS users_nama, users.password_hash AS users_password_hash, users.created_at AS users_created_at, users.updated_at AS users_updated_at 
FROM users]
(Background on this error at: https://sqlalche.me/e/14/e3q8)

2025-06-09 01:42:47,397 - werkzeug - INFO -  * Detected change in 'C:\\Users\\Lenovo\\AppData\\Local\\Programs\\Python\\Python310\\Lib\\site-packages\\sqlalchemy\\engine\\base.py', reloading
2025-06-09 01:42:47,400 - sqlalchemy.engine.Engine - INFO - ROLLBACK
2025-06-09 01:42:47,400 - werkzeug - INFO -  * Detected change in 'C:\\Users\\Lenovo\\AppData\\Local\\Programs\\Python\\Python310\\Lib\\site-packages\\sqlalchemy\\sql\\elements.py', reloading
2025-06-09 01:42:47,400 - werkzeug - INFO - 127.0.0.1 - - [09/Jun/2025 01:42:47] "POST /graphql HTTP/1.1" 200 -
2025-06-09 01:42:47,400 - werkzeug - INFO -  * Detected change in 'C:\\Users\\Lenovo\\AppData\\Local\\Programs\\Python\\Python310\\Lib\\site-packages\\sqlalchemy\\engine\\default.py', reloading
2025-06-09 01:42:47,678 - werkzeug - INFO -  * Restarting with watchdog (windowsapi)
2025-06-09 01:42:48,282 - sqlalchemy.engine.Engine - INFO - BEGIN (implicit)
2025-06-09 01:42:48,283 - sqlalchemy.engine.Engine - INFO - PRAGMA main.table_info("users")
2025-06-09 01:42:48,283 - sqlalchemy.engine.Engine - INFO - [raw sql] ()
2025-06-09 01:42:48,284 - sqlalchemy.engine.Engine - INFO - PRAGMA main.table_info("roles")
2025-06-09 01:42:48,284 - sqlalchemy.engine.Engine - INFO - [raw sql] ()
2025-06-09 01:42:48,284 - sqlalchemy.engine.Engine - INFO - PRAGMA main.table_info("user_roles")
2025-06-09 01:42:48,285 - sqlalchemy.engine.Engine - INFO - [raw sql] ()
2025-06-09 01:42:48,285 - sqlalchemy.engine.Engine - INFO - PRAGMA main.table_info("refresh_tokens")
2025-06-09 01:42:48,285 - sqlalchemy.engine.Engine - INFO - [raw sql] ()
2025-06-09 01:42:48,285 - sqlalchemy.engine.Engine - INFO - COMMIT
2025-06-09 01:42:48,297 - werkzeug - WARNING -  * Debugger is active!
2025-06-09 01:42:48,300 - werkzeug - INFO -  * Debugger PIN: 703-687-989
2025-06-09 01:43:04,118 - werkzeug - INFO -  * Detected change in 'D:\\uas-gacor-sistem-gudang\\user-service\\reset_db.py', reloading
2025-06-09 01:43:04,120 - werkzeug - INFO -  * Detected change in 'D:\\uas-gacor-sistem-gudang\\user-service\\reset_db.py', reloading
2025-06-09 01:43:04,120 - werkzeug - INFO -  * Detected change in 'D:\\uas-gacor-sistem-gudang\\user-service\\reset_db.py', reloading
2025-06-09 01:43:04,556 - werkzeug - INFO -  * Restarting with watchdog (windowsapi)
2025-06-09 01:43:05,234 - sqlalchemy.engine.Engine - INFO - BEGIN (implicit)
2025-06-09 01:43:05,234 - sqlalchemy.engine.Engine - INFO - PRAGMA main.table_info("users")
2025-06-09 01:43:05,234 - sqlalchemy.engine.Engine - INFO - [raw sql] ()
2025-06-09 01:43:05,235 - sqlalchemy.engine.Engine - INFO - PRAGMA main.table_info("roles")
2025-06-09 01:43:05,236 - sqlalchemy.engine.Engine - INFO - [raw sql] ()
2025-06-09 01:43:05,236 - sqlalchemy.engine.Engine - INFO - PRAGMA main.table_info("user_roles")
2025-06-09 01:43:05,236 - sqlalchemy.engine.Engine - INFO - [raw sql] ()
2025-06-09 01:43:05,236 - sqlalchemy.engine.Engine - INFO - PRAGMA main.table_info("refresh_tokens")
2025-06-09 01:43:05,237 - sqlalchemy.engine.Engine - INFO - [raw sql] ()
2025-06-09 01:43:05,237 - sqlalchemy.engine.Engine - INFO - COMMIT
2025-06-09 01:43:05,248 - werkzeug - WARNING -  * Debugger is active!
2025-06-09 01:43:05,252 - werkzeug - INFO -  * Debugger PIN: 703-687-989
2025-06-09 01:44:08,677 - sqlalchemy.engine.Engine - INFO - BEGIN (implicit)
2025-06-09 01:44:08,678 - sqlalchemy.engine.Engine - INFO - PRAGMA main.table_info("users")
2025-06-09 01:44:08,678 - sqlalchemy.engine.Engine - INFO - [raw sql] ()
2025-06-09 01:44:08,679 - sqlalchemy.engine.Engine - INFO - PRAGMA main.table_info("roles")
2025-06-09 01:44:08,679 - sqlalchemy.engine.Engine - INFO - [raw sql] ()
2025-06-09 01:44:08,679 - sqlalchemy.engine.Engine - INFO - PRAGMA main.table_info("user_roles")
2025-06-09 01:44:08,680 - sqlalchemy.engine.Engine - INFO - [raw sql] ()
2025-06-09 01:44:08,680 - sqlalchemy.engine.Engine - INFO - PRAGMA main.table_info("refresh_tokens")
2025-06-09 01:44:08,680 - sqlalchemy.engine.Engine - INFO - [raw sql] ()
2025-06-09 01:44:08,681 - sqlalchemy.engine.Engine - INFO - COMMIT
2025-06-09 01:44:09,547 - werkzeug - INFO - [31m[1mWARNING: This is a development server. Do not use it in a production deployment. Use a production WSGI server instead.[0m
 * Running on all addresses (0.0.0.0)
 * Running on http://127.0.0.1:5003
 * Running on http://192.168.18.21:5003
2025-06-09 01:44:09,549 - werkzeug - INFO - [33mPress CTRL+C to quit[0m
2025-06-09 01:44:09,557 - werkzeug - INFO -  * Restarting with watchdog (windowsapi)
2025-06-09 01:44:10,168 - sqlalchemy.engine.Engine - INFO - BEGIN (implicit)
2025-06-09 01:44:10,168 - sqlalchemy.engine.Engine - INFO - PRAGMA main.table_info("users")
2025-06-09 01:44:10,168 - sqlalchemy.engine.Engine - INFO - [raw sql] ()
2025-06-09 01:44:10,169 - sqlalchemy.engine.Engine - INFO - PRAGMA main.table_info("roles")
2025-06-09 01:44:10,170 - sqlalchemy.engine.Engine - INFO - [raw sql] ()
2025-06-09 01:44:10,170 - sqlalchemy.engine.Engine - INFO - PRAGMA main.table_info("user_roles")
2025-06-09 01:44:10,170 - sqlalchemy.engine.Engine - INFO - [raw sql] ()
2025-06-09 01:44:10,170 - sqlalchemy.engine.Engine - INFO - PRAGMA main.table_info("refresh_tokens")
2025-06-09 01:44:10,171 - sqlalchemy.engine.Engine - INFO - [raw sql] ()
2025-06-09 01:44:10,171 - sqlalchemy.engine.Engine - INFO - COMMIT
2025-06-09 01:44:10,183 - werkzeug - WARNING -  * Debugger is active!
2025-06-09 01:44:10,187 - werkzeug - INFO -  * Debugger PIN: 703-687-989
2025-06-09 01:44:15,166 - werkzeug - INFO - 127.0.0.1 - - [09/Jun/2025 01:44:15] "[33mGET / HTTP/1.1[0m" 404 -
2025-06-09 01:44:21,492 - werkzeug - INFO - 127.0.0.1 - - [09/Jun/2025 01:44:21] "GET /graphql HTTP/1.1" 200 -
2025-06-09 01:44:21,596 - werkzeug - INFO - 127.0.0.1 - - [09/Jun/2025 01:44:21] "POST /graphql HTTP/1.1" 200 -
2025-06-09 01:44:31,128 - sqlalchemy.engine.Engine - INFO - BEGIN (implicit)
2025-06-09 01:44:31,130 - sqlalchemy.engine.Engine - INFO - SELECT users.id AS users_id, users.nama AS users_nama, users.password_hash AS users_password_hash, users.created_at AS users_created_at, users.updated_at AS users_updated_at 
FROM users
2025-06-09 01:44:31,130 - sqlalchemy.engine.Engine - INFO - [generated in 0.00069s] ()
2025-06-09 01:44:31,131 - graphql.execution.executor - ERROR - An error occurred while resolving field Query.users
Traceback (most recent call last):
  File "C:\Users\Lenovo\AppData\Local\Programs\Python\Python310\lib\site-packages\sqlalchemy\engine\base.py", line 1900, in _execute_context
    self.dialect.do_execute(
  File "C:\Users\Lenovo\AppData\Local\Programs\Python\Python310\lib\site-packages\sqlalchemy\engine\default.py", line 736, in do_execute
    cursor.execute(statement, parameters)
sqlite3.OperationalError: no such column: users.nama

The above exception was the direct cause of the following exception:

Traceback (most recent call last):
  File "C:\Users\Lenovo\AppData\Local\Programs\Python\Python310\lib\site-packages\graphql\execution\executor.py", line 452, in resolve_or_error
    return executor.execute(resolve_fn, source, info, **args)
  File "C:\Users\Lenovo\AppData\Local\Programs\Python\Python310\lib\site-packages\graphql\execution\executors\sync.py", line 16, in execute
    return fn(*args, **kwargs)
  File "D:\uas-gacor-sistem-gudang\user-service\schema.py", line 21, in resolve_users
    return User.query.all()
  File "C:\Users\Lenovo\AppData\Local\Programs\Python\Python310\lib\site-packages\sqlalchemy\orm\query.py", line 2772, in all
    return self._iter().all()
  File "C:\Users\Lenovo\AppData\Local\Programs\Python\Python310\lib\site-packages\sqlalchemy\orm\query.py", line 2907, in _iter
    result = self.session.execute(
  File "C:\Users\Lenovo\AppData\Local\Programs\Python\Python310\lib\site-packages\sqlalchemy\orm\session.py", line 1712, in execute
    result = conn._execute_20(statement, params or {}, execution_options)
  File "C:\Users\Lenovo\AppData\Local\Programs\Python\Python310\lib\site-packages\sqlalchemy\engine\base.py", line 1705, in _execute_20
    return meth(self, args_10style, kwargs_10style, execution_options)
  File "C:\Users\Lenovo\AppData\Local\Programs\Python\Python310\lib\site-packages\sqlalchemy\sql\elements.py", line 333, in _execute_on_connection
    return connection._execute_clauseelement(
  File "C:\Users\Lenovo\AppData\Local\Programs\Python\Python310\lib\site-packages\sqlalchemy\engine\base.py", line 1572, in _execute_clauseelement
    ret = self._execute_context(
  File "C:\Users\Lenovo\AppData\Local\Programs\Python\Python310\lib\site-packages\sqlalchemy\engine\base.py", line 1943, in _execute_context
    self._handle_dbapi_exception(
  File "C:\Users\Lenovo\AppData\Local\Programs\Python\Python310\lib\site-packages\sqlalchemy\engine\base.py", line 2124, in _handle_dbapi_exception
    util.raise_(
  File "C:\Users\Lenovo\AppData\Local\Programs\Python\Python310\lib\site-packages\sqlalchemy\util\compat.py", line 208, in raise_
    raise exception
  File "C:\Users\Lenovo\AppData\Local\Programs\Python\Python310\lib\site-packages\sqlalchemy\engine\base.py", line 1900, in _execute_context
    self.dialect.do_execute(
  File "C:\Users\Lenovo\AppData\Local\Programs\Python\Python310\lib\site-packages\sqlalchemy\engine\default.py", line 736, in do_execute
    cursor.execute(statement, parameters)
sqlalchemy.exc.OperationalError: (sqlite3.OperationalError) no such column: users.nama
[SQL: SELECT users.id AS users_id, users.nama AS users_nama, users.password_hash AS users_password_hash, users.created_at AS users_created_at, users.updated_at AS users_updated_at 
FROM users]
(Background on this error at: https://sqlalche.me/e/14/e3q8)
2025-06-09 01:44:31,139 - graphql.execution.utils - ERROR - Traceback (most recent call last):
  File "C:\Users\Lenovo\AppData\Local\Programs\Python\Python310\lib\site-packages\graphql\execution\executor.py", line 452, in resolve_or_error
    return executor.execute(resolve_fn, source, info, **args)
  File "C:\Users\Lenovo\AppData\Local\Programs\Python\Python310\lib\site-packages\graphql\execution\executors\sync.py", line 16, in execute
    return fn(*args, **kwargs)
  File "D:\uas-gacor-sistem-gudang\user-service\schema.py", line 21, in resolve_users
    return User.query.all()
  File "C:\Users\Lenovo\AppData\Local\Programs\Python\Python310\lib\site-packages\sqlalchemy\orm\query.py", line 2772, in all
    return self._iter().all()
  File "C:\Users\Lenovo\AppData\Local\Programs\Python\Python310\lib\site-packages\sqlalchemy\orm\query.py", line 2907, in _iter
    result = self.session.execute(
  File "C:\Users\Lenovo\AppData\Local\Programs\Python\Python310\lib\site-packages\sqlalchemy\orm\session.py", line 1712, in execute
    result = conn._execute_20(statement, params or {}, execution_options)
  File "C:\Users\Lenovo\AppData\Local\Programs\Python\Python310\lib\site-packages\sqlalchemy\engine\base.py", line 1705, in _execute_20
    return meth(self, args_10style, kwargs_10style, execution_options)
  File "C:\Users\Lenovo\AppData\Local\Programs\Python\Python310\lib\site-packages\sqlalchemy\sql\elements.py", line 333, in _execute_on_connection
    return connection._execute_clauseelement(
  File "C:\Users\Lenovo\AppData\Local\Programs\Python\Python310\lib\site-packages\sqlalchemy\engine\base.py", line 1572, in _execute_clauseelement
    ret = self._execute_context(
  File "C:\Users\Lenovo\AppData\Local\Programs\Python\Python310\lib\site-packages\sqlalchemy\engine\base.py", line 1943, in _execute_context
    self._handle_dbapi_exception(
  File "C:\Users\Lenovo\AppData\Local\Programs\Python\Python310\lib\site-packages\sqlalchemy\engine\base.py", line 2124, in _handle_dbapi_exception
    util.raise_(
  File "C:\Users\Lenovo\AppData\Local\Programs\Python\Python310\lib\site-packages\sqlalchemy\util\compat.py", line 208, in raise_
    raise exception
  File "C:\Users\Lenovo\AppData\Local\Programs\Python\Python310\lib\site-packages\sqlalchemy\engine\base.py", line 1900, in _execute_context
    self.dialect.do_execute(
  File "C:\Users\Lenovo\AppData\Local\Programs\Python\Python310\lib\site-packages\sqlalchemy\engine\default.py", line 736, in do_execute
    cursor.execute(statement, parameters)
graphql.error.located_error.GraphQLLocatedError: (sqlite3.OperationalError) no such column: users.nama
[SQL: SELECT users.id AS users_id, users.nama AS users_nama, users.password_hash AS users_password_hash, users.created_at AS users_created_at, users.updated_at AS users_updated_at 
FROM users]
(Background on this error at: https://sqlalche.me/e/14/e3q8)

2025-06-09 01:44:31,142 - sqlalchemy.engine.Engine - INFO - ROLLBACK
2025-06-09 01:44:31,142 - werkzeug - INFO - 127.0.0.1 - - [09/Jun/2025 01:44:31] "POST /graphql HTTP/1.1" 200 -
2025-06-09 01:46:00,019 - sqlalchemy.engine.Engine - INFO - BEGIN (implicit)
2025-06-09 01:46:00,021 - sqlalchemy.engine.Engine - INFO - PRAGMA main.table_info("users")
2025-06-09 01:46:00,021 - sqlalchemy.engine.Engine - INFO - [raw sql] ()
2025-06-09 01:46:00,022 - sqlalchemy.engine.Engine - INFO - PRAGMA main.table_info("roles")
2025-06-09 01:46:00,022 - sqlalchemy.engine.Engine - INFO - [raw sql] ()
2025-06-09 01:46:00,022 - sqlalchemy.engine.Engine - INFO - PRAGMA temp.table_info("roles")
2025-06-09 01:46:00,022 - sqlalchemy.engine.Engine - INFO - [raw sql] ()
2025-06-09 01:46:00,023 - sqlalchemy.engine.Engine - INFO - PRAGMA main.table_info("user_roles")
2025-06-09 01:46:00,023 - sqlalchemy.engine.Engine - INFO - [raw sql] ()
2025-06-09 01:46:00,023 - sqlalchemy.engine.Engine - INFO - PRAGMA temp.table_info("user_roles")
2025-06-09 01:46:00,023 - sqlalchemy.engine.Engine - INFO - [raw sql] ()
2025-06-09 01:46:00,024 - sqlalchemy.engine.Engine - INFO - PRAGMA main.table_info("refresh_tokens")
2025-06-09 01:46:00,024 - sqlalchemy.engine.Engine - INFO - [raw sql] ()
2025-06-09 01:46:00,025 - sqlalchemy.engine.Engine - INFO - PRAGMA temp.table_info("refresh_tokens")
2025-06-09 01:46:00,025 - sqlalchemy.engine.Engine - INFO - [raw sql] ()
2025-06-09 01:46:00,026 - sqlalchemy.engine.Engine - INFO - 
CREATE TABLE roles (
	id INTEGER NOT NULL, 
	name VARCHAR(50) NOT NULL, 
	description TEXT, 
	created_at DATETIME, 
	updated_at DATETIME, 
	PRIMARY KEY (id), 
	UNIQUE (name)
)


2025-06-09 01:46:00,026 - sqlalchemy.engine.Engine - INFO - [no key 0.00115s] ()
2025-06-09 01:46:00,031 - sqlalchemy.engine.Engine - INFO - 
CREATE TABLE refresh_tokens (
	id INTEGER NOT NULL, 
	user_id INTEGER NOT NULL, 
	token VARCHAR(255) NOT NULL, 
	expires_at DATETIME NOT NULL, 
	created_at DATETIME, 
	is_revoked BOOLEAN, 
	PRIMARY KEY (id), 
	FOREIGN KEY(user_id) REFERENCES users (id) ON DELETE CASCADE, 
	UNIQUE (token)
)


2025-06-09 01:46:00,033 - sqlalchemy.engine.Engine - INFO - [no key 0.00213s] ()
2025-06-09 01:46:00,037 - sqlalchemy.engine.Engine - INFO - 
CREATE TABLE user_roles (
	user_id INTEGER NOT NULL, 
	role_id INTEGER NOT NULL, 
	created_at DATETIME, 
	PRIMARY KEY (user_id, role_id), 
	FOREIGN KEY(user_id) REFERENCES users (id) ON DELETE CASCADE, 
	FOREIGN KEY(role_id) REFERENCES roles (id) ON DELETE CASCADE
)


2025-06-09 01:46:00,038 - sqlalchemy.engine.Engine - INFO - [no key 0.00127s] ()
2025-06-09 01:46:00,042 - sqlalchemy.engine.Engine - INFO - COMMIT
2025-06-09 01:46:00,908 - werkzeug - INFO - [31m[1mWARNING: This is a development server. Do not use it in a production deployment. Use a production WSGI server instead.[0m
 * Running on all addresses (0.0.0.0)
 * Running on http://127.0.0.1:5003
 * Running on http://192.168.18.21:5003
2025-06-09 01:46:00,908 - werkzeug - INFO - [33mPress CTRL+C to quit[0m
2025-06-09 01:46:00,910 - werkzeug - INFO -  * Restarting with stat
2025-06-09 01:46:01,654 - sqlalchemy.engine.Engine - INFO - BEGIN (implicit)
2025-06-09 01:46:01,654 - sqlalchemy.engine.Engine - INFO - PRAGMA main.table_info("users")
2025-06-09 01:46:01,654 - sqlalchemy.engine.Engine - INFO - [raw sql] ()
2025-06-09 01:46:01,655 - sqlalchemy.engine.Engine - INFO - PRAGMA main.table_info("roles")
2025-06-09 01:46:01,655 - sqlalchemy.engine.Engine - INFO - [raw sql] ()
2025-06-09 01:46:01,656 - sqlalchemy.engine.Engine - INFO - PRAGMA main.table_info("user_roles")
2025-06-09 01:46:01,656 - sqlalchemy.engine.Engine - INFO - [raw sql] ()
2025-06-09 01:46:01,656 - sqlalchemy.engine.Engine - INFO - PRAGMA main.table_info("refresh_tokens")
2025-06-09 01:46:01,657 - sqlalchemy.engine.Engine - INFO - [raw sql] ()
2025-06-09 01:46:01,657 - sqlalchemy.engine.Engine - INFO - COMMIT
2025-06-09 01:46:01,670 - werkzeug - WARNING -  * Debugger is active!
2025-06-09 01:46:01,674 - werkzeug - INFO -  * Debugger PIN: 922-338-209
2025-06-09 01:46:17,086 - werkzeug - INFO -  * Detected change in 'D:\\uas-gacor-sistem-gudang\\user-service\\app.py', reloading
2025-06-09 01:46:17,192 - werkzeug - INFO -  * Restarting with stat
